<?xml version="1.0" encoding="UTF-8"?>
<testsuite xmlns:xsi="http://www.w3.org/2001/XMLSchema-instance" xsi:noNamespaceSchemaLocation="https://maven.apache.org/surefire/maven-surefire-plugin/xsd/surefire-test-report.xsd" name="com.example.demo.TestGreeting" time="0.002" tests="3" errors="0" skipped="1" failures="0">
  <properties>
    <property name="sun.desktop" value="windows"/>
    <property name="awt.toolkit" value="sun.awt.windows.WToolkit"/>
    <property name="java.specification.version" value="11"/>
    <property name="sun.cpu.isalist" value="amd64"/>
    <property name="sun.jnu.encoding" value="Cp1252"/>
    <property name="java.class.path" value="C:\Users\vatsa\git\db_batch_one\unit-testing\target\test-classes;C:\Users\vatsa\git\db_batch_one\unit-testing\target\classes;C:\Users\vatsa\.m2\repository\junit\junit\4.11\junit-4.11.jar;C:\Users\vatsa\.m2\repository\org\hamcrest\hamcrest-core\1.3\hamcrest-core-1.3.jar;"/>
    <property name="java.vm.vendor" value="Oracle Corporation"/>
    <property name="sun.arch.data.model" value="64"/>
    <property name="user.variant" value=""/>
    <property name="java.vendor.url" value="https://openjdk.java.net/"/>
    <property name="user.timezone" value="Asia/Calcutta"/>
    <property name="java.vm.specification.version" value="11"/>
    <property name="os.name" value="Windows 10"/>
    <property name="sun.java.launcher" value="SUN_STANDARD"/>
    <property name="user.country" value="IN"/>
    <property name="sun.boot.library.path" value="E:\Program Files\jdk\bin"/>
    <property name="sun.java.command" value="C:\Users\vatsa\AppData\Local\Temp\surefire10000570398366549044\surefirebooter2947722520660349259.jar C:\Users\vatsa\AppData\Local\Temp\surefire10000570398366549044 2021-07-27T19-11-41_288-jvmRun1 surefire588398845079003688tmp surefire_010496827748751286823tmp"/>
    <property name="jdk.debug" value="release"/>
    <property name="surefire.test.class.path" value="C:\Users\vatsa\git\db_batch_one\unit-testing\target\test-classes;C:\Users\vatsa\git\db_batch_one\unit-testing\target\classes;C:\Users\vatsa\.m2\repository\junit\junit\4.11\junit-4.11.jar;C:\Users\vatsa\.m2\repository\org\hamcrest\hamcrest-core\1.3\hamcrest-core-1.3.jar;"/>
    <property name="sun.cpu.endian" value="little"/>
    <property name="user.home" value="C:\Users\vatsa"/>
    <property name="user.language" value="en"/>
    <property name="java.specification.vendor" value="Oracle Corporation"/>
    <property name="java.version.date" value="2020-10-20"/>
    <property name="java.home" value="E:\Program Files\jdk"/>
    <property name="file.separator" value="\"/>
    <property name="basedir" value="C:\Users\vatsa\git\db_batch_one\unit-testing"/>
    <property name="java.vm.compressedOopsMode" value="32-bit"/>
    <property name="line.separator" value="&#10;"/>
    <property name="java.specification.name" value="Java Platform API Specification"/>
    <property name="java.vm.specification.vendor" value="Oracle Corporation"/>
    <property name="java.awt.graphicsenv" value="sun.awt.Win32GraphicsEnvironment"/>
    <property name="surefire.real.class.path" value="C:\Users\vatsa\AppData\Local\Temp\surefire10000570398366549044\surefirebooter2947722520660349259.jar"/>
    <property name="user.script" value=""/>
    <property name="sun.management.compiler" value="HotSpot 64-Bit Tiered Compilers"/>
    <property name="java.runtime.version" value="11.0.9+7-LTS"/>
    <property name="user.name" value="vatsa"/>
    <property name="path.separator" value=";"/>
    <property name="os.version" value="10.0"/>
    <property name="java.runtime.name" value="Java(TM) SE Runtime Environment"/>
    <property name="file.encoding" value="Cp1252"/>
    <property name="java.vm.name" value="Java HotSpot(TM) 64-Bit Server VM"/>
    <property name="java.vendor.version" value="18.9"/>
    <property name="localRepository" value="C:\Users\vatsa\.m2\repository"/>
    <property name="java.vendor.url.bug" value="https://bugreport.java.com/bugreport/"/>
    <property name="java.io.tmpdir" value="C:\Users\vatsa\AppData\Local\Temp\"/>
    <property name="java.version" value="11.0.9"/>
    <property name="user.dir" value="C:\Users\vatsa\git\db_batch_one\unit-testing"/>
    <property name="os.arch" value="amd64"/>
    <property name="java.vm.specification.name" value="Java Virtual Machine Specification"/>
    <property name="java.awt.printerjob" value="sun.awt.windows.WPrinterJob"/>
    <property name="sun.os.patch.level" value=""/>
    <property name="java.library.path" value="E:\Program Files\jdk\bin;C:\Windows\Sun\Java\bin;C:\Windows\system32;C:\Windows;E:/Program Files/jdk/bin/server;E:/Program Files/jdk/bin;E:\Program Files\jdk\bin;C:\Program Files\Common Files\Oracle\Java\javapath;C:\Python39\Scripts\;C:\Python39\;C:\ProgramData\Oracle\Java\javapath;C:\Windows\system32;C:\Windows;C:\Windows\System32\Wbem;C:\Windows\System32\WindowsPowerShell\v1.0\;C:\Windows\System32\OpenSSH\;C:\Program Files\NVIDIA Corporation\NVIDIA NvDLISR;E:\training\training_softwares\apache-maven-3.6.3\bin;C:\Program Files\nodejs\;C:\ProgramData\chocolatey\bin;C:\Program Files\Git\cmd;C:\Program Files\Docker\Docker\resources\bin;C:\ProgramData\DockerDesktop\version-bin;C:\Users\vatsa\AppData\Local\Microsoft\WindowsApps;E:\training\training_softwares\Microsoft VS Code\bin;C:\Users\vatsa\AppData\Roaming\npm;.\jdk1.8.0_141\bin;E:\Program Files;E:\training\training_softwares\gradle-6.8\gradle-6.8.3\bin;C:\Program Files\MongoDB\Server\4.4\bin;C:\Users\vatsa\AppData\Local\Microsoft\WindowsApps;;E:\training\training_softwares\Microsoft VS Code\bin;C:\Users\vatsa\AppData\Roaming\npm;E:\training\training_softwares\sts-4.1.2.RELEASE;;."/>
    <property name="java.vendor" value="Oracle Corporation"/>
    <property name="java.vm.info" value="mixed mode"/>
    <property name="java.vm.version" value="11.0.9+7-LTS"/>
    <property name="sun.io.unicode.encoding" value="UnicodeLittle"/>
    <property name="java.class.version" value="55.0"/>
  </properties>
  <testcase name="testGreetForNotNull" classname="com.example.demo.TestGreeting" time="0">
    <skipped/>
    <system-out><![CDATA[SETUP Method Called
]]></system-out>
  </testcase>
  <testcase name="testGreet" classname="com.example.demo.TestGreeting" time="0"/>
  <testcase name="testGreetMessageLength" classname="com.example.demo.TestGreeting" time="0"/>
</testsuite>